\BOOKMARK [1][-]{section.1}{\376\377\137\025\212\000}{}% 1
\BOOKMARK [1][-]{section.2}{\376\377\166\370\121\163\135\345\117\134}{}% 2
\BOOKMARK [2][-]{subsection.2.1}{\376\377\213\355\116\111\122\006\122\162}{section.2}% 3
\BOOKMARK [2][-]{subsection.2.2}{\376\377\117\052\210\305\166\356\150\007\122\006\122\162}{section.2}% 4
\BOOKMARK [1][-]{section.3}{\376\377\145\271\154\325}{}% 5
\BOOKMARK [2][-]{subsection.3.1}{\376\377\127\372\116\216\147\141\116\366\226\217\147\072\127\072\000\050\000C\000R\000F\000\051\166\204\117\052\210\305\166\356\150\007\122\006\122\162}{section.3}% 6
\BOOKMARK [3][-]{subsubsection.3.1.1}{\376\377\127\372\116\216\145\160\143\156\226\306\166\204\123\321\163\260}{subsection.3.1}% 7
\BOOKMARK [3][-]{subsubsection.3.1.2}{\376\377\116\000\121\103\122\277\200\375\143\320\123\326}{subsection.3.1}% 8
\BOOKMARK [3][-]{subsubsection.3.1.3}{\376\377\127\372\116\216\121\150\217\336\143\245\147\141\116\366\226\217\147\072\127\072\166\204\124\016\131\004\164\006\220\073\217\221}{subsection.3.1}% 9
\BOOKMARK [2][-]{subsection.3.2}{\376\377\127\372\116\216\176\323\147\204\145\057\143\001\124\021\221\317\147\072\000\050\000S\000S\000V\000M\000\051\166\204\117\052\210\305\166\356\150\007\122\006\122\162}{section.3}% 10
\BOOKMARK [3][-]{subsubsection.3.2.1}{\376\377\152\041\127\213}{subsection.3.2}% 11
\BOOKMARK [3][-]{subsubsection.3.2.2}{\376\377\213\255\176\303}{subsection.3.2}% 12
\BOOKMARK [3][-]{subsubsection.3.2.3}{\376\377\143\250\164\006}{subsection.3.2}% 13
\BOOKMARK [3][-]{subsubsection.3.2.4}{\376\377\145\164\145\160\176\277\140\047\211\304\122\022}{subsection.3.2}% 14
\BOOKMARK [2][-]{subsection.3.3}{\376\377\127\372\116\216\000A\000d\000a\000B\000o\000o\000s\000t\166\204\117\052\210\305\166\356\150\007\213\306\122\053}{section.3}% 15
\BOOKMARK [1][-]{section.4}{\376\377\133\236\232\214}{}% 16
\BOOKMARK [2][-]{subsection.4.1}{\376\377\145\160\143\156\226\306}{section.4}% 17
\BOOKMARK [2][-]{subsection.4.2}{\376\377\213\304\116\367\143\007\150\007}{section.4}% 18
\BOOKMARK [2][-]{subsection.4.3}{\376\377\117\052\210\305\166\356\150\007\122\006\122\162\133\236\232\214\176\323\147\234\122\006\147\220}{section.4}% 19
\BOOKMARK [3][-]{subsubsection.4.3.1}{\376\377\152\041\127\213\213\255\176\303\122\006\147\220}{subsection.4.3}% 20
\BOOKMARK [3][-]{subsubsection.4.3.2}{\376\377\152\041\127\213\140\047\200\375\133\371\153\324}{subsection.4.3}% 21
\BOOKMARK [3][-]{subsubsection.4.3.3}{\376\377\116\015\124\014\000C\000R\000F\123\302\145\160\116\013\166\204\140\047\200\375\143\007\150\007\133\371\153\324}{subsection.4.3}% 22
\BOOKMARK [3][-]{subsubsection.4.3.4}{\376\377\123\357\211\306\123\026\122\006\147\220}{subsection.4.3}% 23
\BOOKMARK [2][-]{subsection.4.4}{\376\377\117\052\210\305\166\356\150\007\213\306\122\053\133\236\232\214\176\323\147\234\122\006\147\220}{section.4}% 24
\BOOKMARK [1][-]{section.5}{\376\377\226\104\137\125}{}% 25
\BOOKMARK [2][-]{subsection.5.1}{\376\377\116\343\170\001}{section.5}% 26
